nov 14, 2019 9:25:05 AM kontroladorea.LoggerKudeatu idatziLog
INFORMACIÓN: Informazio guztia sartu behar da.
Class: ikuspegia.DepartamentuaKudeatu$2

nov 14, 2019 9:25:07 AM kontroladorea.LoggerKudeatu idatziLog
INFORMACIÓN: Lerroa aukeratu behar da.
Class: ikuspegia.DepartamentuaKudeatu$3

nov 14, 2019 9:25:15 AM kontroladorea.LoggerKudeatu idatziLog
INFORMACIÓN: Izena jarri behar da.
Class: ikuspegia.EnplegatuaKudeatu$3

nov 14, 2019 9:25:17 AM kontroladorea.LoggerKudeatu idatziLog
INFORMACIÓN: Lerroa aukeratu behar da.
Class: ikuspegia.EnplegatuaKudeatu$4

nov 14, 2019 9:25:25 AM kontroladorea.LoggerKudeatu idatziLog
INFORMACIÓN: Lerroa aukeratu behar da.
Class: ikuspegia.DepartamentuaKudeatu$3

nov 14, 2019 9:25:26 AM kontroladorea.LoggerKudeatu idatziLog
INFORMACIÓN: Informazio guztia sartu behar da.
Class: ikuspegia.DepartamentuaKudeatu$2

nov 14, 2019 9:25:28 AM kontroladorea.LoggerKudeatu idatziLog
INFORMACIÓN: Informazio guztia sartu behar da.
Class: ikuspegia.DepartamentuaKudeatu$2

nov 14, 2019 9:25:48 AM kontroladorea.LoggerKudeatu idatziLog
INFORMACIÓN: Informazio guztia sartu behar da.
Class: ikuspegia.DepartamentuaKudeatu$2

nov 14, 2019 9:25:50 AM kontroladorea.LoggerKudeatu idatziLog
INFORMACIÓN: Lerroa aukeratu behar da.
Class: ikuspegia.DepartamentuaKudeatu$3

nov 14, 2019 9:47:26 AM kontroladorea.LoggerKudeatu idatziLog
INFORMACIÓN: Balrore alfabetikoak sartu behar dira.
Class: ikuspegia.DepartamentuaKudeatu$6

nov 14, 2019 9:56:04 AM kontroladorea.LoggerKudeatu idatziLog
INFORMACIÓN: Balrore alfabetikoak sartu behar dira.
Class: ikuspegia.DepartamentuaKudeatu$6

nov 14, 2019 9:57:34 AM kontroladorea.LoggerKudeatu idatziLog
INFORMACIÓN: Balrore alfabetikoak sartu behar dira.
Class: ikuspegia.DepartamentuaKudeatu$6

nov 14, 2019 9:57:39 AM kontroladorea.LoggerKudeatu idatziLog
INFORMACIÓN: Balrore alfabetikoak sartu behar dira.
Class: ikuspegia.DepartamentuaKudeatu$6

nov 14, 2019 9:57:45 AM kontroladorea.LoggerKudeatu idatziLog
INFORMACIÓN: Balrore alfabetikoak sartu behar dira.
Class: ikuspegia.DepartamentuaKudeatu$6

